<?xml version="1.0" encoding="UTF-8"?>
<!-- Generated by org.testng.reporters.JUnitXMLReporter -->
<testsuite hostname="DESKTOP-5E4DV9G" ignored="0" name="TC_Settings_test_02" tests="1" failures="1" timestamp="25 Feb 2019 06:06:41 GMT" time="4.066" errors="0">
  <testcase name="settings_sample_test02" time="0.431" classname="TS_Settings.TC_Settings_test_02">
    <failure type="java.lang.AssertionError" message="expected [false] but found [true]">
      <![CDATA[java.lang.AssertionError: expected [false] but found [true]
at TS_Settings.TC_Settings_test_02.settings_sample_test02(TC_Settings_test_02.java:16)
... Removed 32 stack frames]]>
    </failure>
  </testcase> <!-- settings_sample_test02 -->
</testsuite> <!-- TC_Settings_test_02 -->
